<?xml version="1.0" encoding="UTF-8"?>
<testsuite xmlns:xsi="http://www.w3.org/2001/XMLSchema-instance" xsi:noNamespaceSchemaLocation="https://maven.apache.org/surefire/maven-surefire-plugin/xsd/surefire-test-report-3.0.xsd" version="3.0" name="org.tkit.onecx.welcome.bff.rs.ImageRestControllerTest" time="84.043" tests="9" errors="0" skipped="0" failures="0">
  <properties>
[...]
</properties>
  <testcase name="getImageInfoByIdTest" classname="org.tkit.onecx.welcome.bff.rs.ImageRestControllerTest" time="3.2">
    <system-out><![CDATA[2024-03-01 16:07:05,184 WARN  [io.qua.agr.dep.AgroalProcessor] (build-30) The Agroal dependency is present but no JDBC datasources have been defined.
2024-03-01 16:07:05,597 WARN  [io.qua.dat.dep.dev.DevServicesDatasourceProcessor] (build-16) Unable to determine a database type for default datasource
2024-03-01 16:07:05,667 WARN  [io.qua.hib.orm.dep.HibernateOrmProcessor] (build-20) Hibernate ORM is disabled because no JPA entities were found
2024-03-01 16:07:05,959 INFO  [org.tes.doc.DockerClientProviderStrategy] (build-33) Loaded org.testcontainers.dockerclient.UnixSocketClientProviderStrategy from ~/.testcontainers.properties, will try it first
2024-03-01 16:07:06,337 INFO  [org.tes.doc.DockerClientProviderStrategy] (build-33) Found Docker environment with local Unix socket (unix:///var/run/docker.sock)
2024-03-01 16:07:06,371 INFO  [org.tes.DockerClientFactory] (build-33) Docker host IP address is 172.17.0.1
2024-03-01 16:07:06,397 INFO  [org.tes.DockerClientFactory] (build-33) Connected to docker: 
  Server Version: 24.0.7
  API Version: 1.43
  Operating System: Ubuntu 20.04.6 LTS
  Total Memory: 25385 MB
2024-03-01 16:07:06,416 INFO  [org.tes.ima.PullPolicy] (build-33) Image pull policy will be performed by: DefaultPullPolicy()
2024-03-01 16:07:06,419 INFO  [org.tes.uti.ImageNameSubstitutor] (build-33) Image name substitution will be performed by: DefaultImageNameSubstitutor (composite of 'ConfigurationFileImageNameSubstitutor' and 'PrefixingImageNameSubstitutor')
2024-03-01 16:07:06,430 INFO  [org.tes.DockerClientFactory] (build-33) Checking the system...
2024-03-01 16:07:06,431 INFO  [org.tes.DockerClientFactory] (build-33) ✔︎ Docker server version should be at least 1.6.0
2024-03-01 16:07:06,441 INFO  [io.qua.oid.dep.dev.key.KeycloakDevServicesProcessor] (build-27) Using Quarkus powered Keycloak distribution
2024-03-01 16:07:06,445 INFO  [io.qua.moc.dev.DevServicesMockServerProcessor] (build-33) MockServer configuration local file 'MockServer configuration class-path file '%s' mount to '/config/mockserver.properties' container file.' mount to '/config/mockserver.properties' container file.
2024-03-01 16:07:06,445 INFO  [io.qua.moc.dev.DevServicesMockServerProcessor] (build-33) MockServer configuration class-path directory '/mockserver' mount to '/mockserver' container directory.
2024-03-01 16:07:06,768 INFO  [tc.moc.15.0] (build-33) Creating container for image: mockserver/mockserver:5.15.0
2024-03-01 16:07:06,788 INFO  [tc.qua.io/.0.7] (build-27) Pulling docker image: quay.io/keycloak/keycloak:23.0.7. Please be patient; this may take some time but only needs to be done once.
2024-03-01 16:07:06,845 INFO  [org.tes.uti.RegistryAuthLocator] (build-33) Failure when attempting to lookup auth config. Please ignore if you don't have images in an authenticated registry. Details: (dockerImageName: mockserver/mockserver:5.15.0, configFile: /home/jorden/.docker/config.json, configEnv: DOCKER_AUTH_CONFIG). Falling back to docker-java default behaviour. Exception message: Could not execute [docker-credential-desktop.exe, get]. Error=2, No such file or directory
2024-03-01 16:07:06,858 INFO  [tc.tes.6.0] (build-33) Creating container for image: testcontainers/ryuk:0.6.0
2024-03-01 16:07:06,924 INFO  [org.tes.uti.RegistryAuthLocator] (build-27) Failure when attempting to lookup auth config. Please ignore if you don't have images in an authenticated registry. Details: (dockerImageName: quay.io/keycloak/keycloak:latest, configFile: /home/jorden/.docker/config.json, configEnv: DOCKER_AUTH_CONFIG). Falling back to docker-java default behaviour. Exception message: Could not execute [docker-credential-desktop.exe, get]. Error=2, No such file or directory
2024-03-01 16:07:07,084 INFO  [tc.tes.6.0] (build-33) Container testcontainers/ryuk:0.6.0 is starting: 4f41294d2ffa06b9642d45f2fc7240f339dfc27c2c767a0721e31a0614ce8abd
2024-03-01 16:07:07,890 INFO  [tc.tes.6.0] (build-33) Container testcontainers/ryuk:0.6.0 started in PT1.032507738S
2024-03-01 16:07:07,964 WARN  [tc.moc.15.0] (build-33) Reuse was requested but the environment does not support the reuse of containers
To enable reuse of containers, you must set 'testcontainers.reuse.enable=true' in a file located at /home/jorden/.testcontainers.properties
2024-03-01 16:07:08,098 INFO  [tc.moc.15.0] (build-33) Container mockserver/mockserver:5.15.0 is starting: 6a5620d032201958a39686bcb98eb9f293a093bb0f604eaf7c2e40ceaf128ed6
2024-03-01 16:07:09,710 INFO  [tc.qua.io/.0.7] (docker-java-stream--136142204) Starting to pull image
2024-03-01 16:07:09,729 INFO  [tc.qua.io/.0.7] (docker-java-stream--136142204) Pulling image layers:  0 pending,  0 downloaded,  0 extracted, (0 bytes/0 bytes)
2024-03-01 16:07:09,857 INFO  [tc.moc.15.0] (build-33) Container mockserver/mockserver:5.15.0 started in PT3.089507811S
2024-03-01 16:07:09,859 INFO  [io.qua.moc.dev.DevServicesMockServerProcessor] (build-33) The mock-server server is ready to accept connections on http://172.17.0.1:32801
2024-03-01 16:07:09,860 INFO  [io.qua.moc.dev.DevServicesMockServerProcessor] (build-33) The mock-server dashboard http://172.17.0.1:32801/mockserver/dashboard
2024-03-01 16:07:11,282 INFO  [tc.qua.io/.0.7] (docker-java-stream--136142204) Pulling image layers:  3 pending,  1 downloaded,  0 extracted, (551 bytes/? MB)
2024-03-01 16:07:27,295 INFO  [tc.qua.io/.0.7] (docker-java-stream--136142204) Pulling image layers:  2 pending,  2 downloaded,  0 extracted, (185 MB/? MB)
2024-03-01 16:07:30,649 INFO  [tc.qua.io/.0.7] (docker-java-stream--136142204) Pulling image layers:  2 pending,  2 downloaded,  1 extracted, (223 MB/? MB)
2024-03-01 16:07:32,165 INFO  [tc.qua.io/.0.7] (docker-java-stream--136142204) Pulling image layers:  1 pending,  3 downloaded,  1 extracted, (242 MB/? MB)
2024-03-01 16:07:33,999 INFO  [tc.qua.io/.0.7] (docker-java-stream--136142204) Pulling image layers:  1 pending,  3 downloaded,  2 extracted, (243 MB/? MB)
2024-03-01 16:07:34,067 INFO  [tc.qua.io/.0.7] (docker-java-stream--136142204) Pulling image layers:  1 pending,  3 downloaded,  3 extracted, (243 MB/? MB)
2024-03-01 16:07:34,116 INFO  [tc.qua.io/.0.7] (build-27) Image quay.io/keycloak/keycloak:23.0.7 pull took PT27.327520018S
2024-03-01 16:07:34,116 INFO  [tc.qua.io/.0.7] (docker-java-stream--136142204) Pull complete. 4 layers, pulled in 24s (downloaded 243 MB at 10 MB/s)
2024-03-01 16:07:34,120 INFO  [tc.qua.io/.0.7] (build-27) Creating container for image: quay.io/keycloak/keycloak:23.0.7
2024-03-01 16:07:34,486 INFO  [tc.qua.io/.0.7] (build-27) Container quay.io/keycloak/keycloak:23.0.7 is starting: 9dd76d42bd5f7c4e07cf3b01a53592ba57c8dffae6b3cf5e206c833ffea82ed5
2024-03-01 16:08:03,690 INFO  [tc.qua.io/.0.7] (build-27) Container quay.io/keycloak/keycloak:23.0.7 started in PT29.569602708S
2024-03-01 16:08:06,634 INFO  [io.qua.oid.dep.dev.key.KeycloakDevServicesProcessor] (build-27) Dev Services for Keycloak started.
2024-03-01 16:08:07,251 INFO  [org.moc.con.ConfigurationProperties] (main) Reading properties from property file [mockserver.properties]:
  mockserver.sslSubjectAlternativeNameDomains = www.example.com,www.another.com
  mockserver.watchInitializationJson = true
  mockserver.directoryToSaveDynamicSSLCertificate = .
  mockserver.dynamicallyCreateCertificateAuthorityCertificate = true
  mockserver.sslCertificateDomainName = localhost
  mockserver.sslSubjectAlternativeNameIps = 127.0.0.1
  mockserver.initializationJsonPath = /mockserver/*.json

2024-03-01 16:08:07,512 WARN  [io.qua.config] (main) Unrecognized configuration key "quarkus.openapi-generator.codegen.spec.onecx_permission_v1_yaml.config-key" was provided; it will be ignored; verify that the dependency extension for this configuration is set or that you did not make a typo
2024-03-01 16:08:07,514 WARN  [io.qua.config] (main) Unrecognized configuration key "quarkus.openapi-generator.codegen.spec.onecx_welcome_internal_yaml.config-key" was provided; it will be ignored; verify that the dependency extension for this configuration is set or that you did not make a typo
2024-03-01 16:08:08,548 WARN  [io.qua.ope.run.tra.int.ver.OpenTelemetryVertxTracingFactory$VertxDelegator] (vert.x-eventloop-thread-1) VertxTracer delegate not set. Will not submit this trace. SpanKind: RPC; Request: io.vertx.core.http.impl.HttpRequestHead@447e87bd; Operation:GET.
2024-03-01 16:08:08,613 WARN  [io.qua.ope.run.tra.int.ver.OpenTelemetryVertxTracingFactory$VertxDelegator] (vert.x-eventloop-thread-1) VertxTracer delegate not set. Will not submit this trace. Response: io.vertx.core.http.impl.HttpResponseHead@78b9299a; Failure: null.
2024-03-01 16:08:08,663 WARN  [io.qua.ope.run.tra.int.ver.OpenTelemetryVertxTracingFactory$VertxDelegator] (vert.x-eventloop-thread-1) VertxTracer delegate not set. Will not submit this trace. SpanKind: RPC; Request: io.vertx.core.http.impl.HttpRequestHead@52736d59; Operation:GET.
2024-03-01 16:08:08,679 WARN  [io.qua.ope.run.tra.int.ver.OpenTelemetryVertxTracingFactory$VertxDelegator] (vert.x-eventloop-thread-1) VertxTracer delegate not set. Will not submit this trace. Response: io.vertx.core.http.impl.HttpResponseHead@428c97fd; Failure: null.
2024-03-01 16:08:08,730 WARN  [io.qua.ope.run.tra.int.ver.OpenTelemetryVertxTracingFactory$VertxDelegator] (vert.x-eventloop-thread-1) VertxTracer delegate not set. Will not submit this trace. SpanKind: RPC; Request: io.vertx.core.http.impl.HttpRequestHead@551ba85e; Operation:GET.
2024-03-01 16:08:08,741 WARN  [io.qua.ope.run.tra.int.ver.OpenTelemetryVertxTracingFactory$VertxDelegator] (vert.x-eventloop-thread-1) VertxTracer delegate not set. Will not submit this trace. Response: io.vertx.core.http.impl.HttpResponseHead@32431643; Failure: null.
2024-03-01 16:08:09,067 INFO  [io.quarkus] (main) onecx-welcome-bff 999-SNAPSHOT on JVM (powered by Quarkus 3.8.1) started in 65.477s. Listening on: http://0.0.0.0:41831
2024-03-01 16:08:09,068 INFO  [io.quarkus] (main) Profile test activated. 
2024-03-01 16:08:09,068 INFO  [io.quarkus] (main) Installed features: [agroal, cache, cdi, hibernate-orm, hibernate-validator, jacoco, micrometer, narayana-jta, oidc, oidc-client, oidc-client-reactive-filter, onecx-permissions, onecx-security, opentelemetry, qute, rest-client-reactive, rest-client-reactive-jackson, resteasy-reactive, resteasy-reactive-jackson, security, smallrye-context-propagation, smallrye-health, smallrye-jwt, smallrye-openapi, swagger-ui, tkit-jpa, tkit-json-log, tkit-log-cdi, tkit-log-rs, tkit-rest-context, vertx]
2024-03-01 16:08:12,700 INFO  [org.tki.qua.log.rs.RestClientLogInterceptor] (vert.x-eventloop-thread-4) POST http://172.17.0.1:32801/v1/permissions/user/applications/onecx-welcome-bff [200] [0.054s]
2024-03-01 16:08:12,854 INFO  [org.tki.qua.log.rs.RestClientLogInterceptor] (vert.x-eventloop-thread-4) GET http://172.17.0.1:32801/internal/images/info/11-111 [200] [0.059s]
2024-03-01 16:08:12,861 INFO  [org.tki.one.wel.bff.rs.con.ImagesRestController] (executor-thread-1) getImageInfoById(11-111):Response:200 [0.110s]
2024-03-01 16:08:12,863 INFO  [org.tki.one.wel.bff.rs.con.ImagesRestController] (executor-thread-1) GET /images/info/11-111 [200] [0.134s]
]]></system-out>
    <system-err><![CDATA[Handler org.mockserver.logging.StandardOutConsoleHandler is not defined
Handler org.mockserver.logging.StandardOutConsoleHandler is not defined
]]></system-err>
  </testcase>
  <testcase name="deleteImageInfoByIdTest" classname="org.tkit.onecx.welcome.bff.rs.ImageRestControllerTest" time="1.177">
    <system-out><![CDATA[2024-03-01 16:08:14,106 INFO  [org.tki.qua.log.rs.RestClientLogInterceptor] (vert.x-eventloop-thread-5) POST http://172.17.0.1:32801/v1/permissions/user/applications/onecx-welcome-bff [200] [0.008s]
2024-03-01 16:08:14,133 INFO  [org.tki.qua.log.rs.RestClientLogInterceptor] (vert.x-eventloop-thread-5) DELETE http://172.17.0.1:32801/internal/images/info/11-111 [204] [0.021s]
2024-03-01 16:08:14,134 INFO  [org.tki.one.wel.bff.rs.con.ImagesRestController] (executor-thread-1) deleteImageInfoById(11-111):Response:204 [0.022s]
2024-03-01 16:08:14,134 INFO  [org.tki.one.wel.bff.rs.con.ImagesRestController] (executor-thread-1) DELETE /images/info/11-111 [204] [0.023s]
]]></system-out>
  </testcase>
  <testcase name="createImageInfoTest" classname="org.tkit.onecx.welcome.bff.rs.ImageRestControllerTest" time="1.27">
    <system-out><![CDATA[2024-03-01 16:08:14,375 SEVERE [io.qua.ope.run.exp.otl.VertxGrpcExporter] (vert.x-eventloop-thread-10) Failed to export spans. The request could not be executed. Full error message: Connection refused: localhost/127.0.0.1:4317
2024-03-01 16:08:15,334 INFO  [org.tki.qua.log.rs.RestClientLogInterceptor] (vert.x-eventloop-thread-4) POST http://172.17.0.1:32801/v1/permissions/user/applications/onecx-welcome-bff [200] [0.007s]
2024-03-01 16:08:15,401 INFO  [org.tki.qua.log.rs.RestClientLogInterceptor] (vert.x-eventloop-thread-4) POST http://172.17.0.1:32801/internal/images/info [201] [0.038s]
2024-03-01 16:08:15,403 INFO  [org.tki.one.wel.bff.rs.con.ImagesRestController] (executor-thread-1) createImageInfo(class ImageInfoDTO {
    position: 1
    visible: null
    url: someUrl
    imageId: null
    id: null
    modificationCount: null
    creationDate: null
    creationUser: null
    modificationDate: null
    modificationUser: null
}):Response:201 [0.056s]
2024-03-01 16:08:15,403 INFO  [org.tki.one.wel.bff.rs.con.ImagesRestController] (executor-thread-1) POST /images/info [201] [0.061s]
]]></system-out>
  </testcase>
  <testcase name="getAllImageInfosTest" classname="org.tkit.onecx.welcome.bff.rs.ImageRestControllerTest" time="1.191">
    <system-out><![CDATA[2024-03-01 16:08:16,562 INFO  [org.tki.qua.log.rs.RestClientLogInterceptor] (vert.x-eventloop-thread-5) POST http://172.17.0.1:32801/v1/permissions/user/applications/onecx-welcome-bff [200] [0.005s]
2024-03-01 16:08:16,582 INFO  [org.tki.qua.log.rs.RestClientLogInterceptor] (vert.x-eventloop-thread-5) GET http://172.17.0.1:32801/internal/images/info [200] [0.017s]
2024-03-01 16:08:16,583 INFO  [org.tki.one.wel.bff.rs.con.ImagesRestController] (executor-thread-1) getAllImageInfos():Response:200 [0.019s]
2024-03-01 16:08:16,583 INFO  [org.tki.one.wel.bff.rs.con.ImagesRestController] (executor-thread-1) GET /images/info [200] [0.019s]
]]></system-out>
  </testcase>
  <testcase name="updateImageDataByIdTest" classname="org.tkit.onecx.welcome.bff.rs.ImageRestControllerTest" time="2.528">
    <system-out><![CDATA[2024-03-01 16:08:17,778 INFO  [org.tki.qua.log.rs.RestClientLogInterceptor] (vert.x-eventloop-thread-4) POST http://172.17.0.1:32801/v1/permissions/user/applications/onecx-welcome-bff [200] [0.007s]
2024-03-01 16:08:17,900 INFO  [org.tki.qua.log.rs.RestClientLogInterceptor] (vert.x-eventloop-thread-4) PUT http://172.17.0.1:32801/internal/images/d-11-111 [200] [0.076s]
2024-03-01 16:08:17,909 INFO  [org.tki.one.wel.bff.rs.con.ImagesRestController] (executor-thread-1) updateImageById(d-11-111,31292,byte[][31292]):Response:200 [0.126s]
2024-03-01 16:08:17,910 INFO  [org.tki.one.wel.bff.rs.con.ImagesRestController] (executor-thread-1) PUT /images/d-11-111 [200] [0.129s]
2024-03-01 16:08:19,077 INFO  [org.tki.qua.log.rs.RestClientLogInterceptor] (vert.x-eventloop-thread-5) POST http://172.17.0.1:32801/v1/permissions/user/applications/onecx-welcome-bff [200] [0.009s]
2024-03-01 16:08:19,125 INFO  [org.tki.qua.log.rs.RestClientLogInterceptor] (vert.x-eventloop-thread-5) PUT http://172.17.0.1:32801/internal/images/not-existing [404] [0.035s]
2024-03-01 16:08:19,127 ERROR [org.tki.one.wel.bff.rs.con.ImagesRestController] (executor-thread-1) updateImageById(not-existing,31292,byte[][31292]) throw ClientWebApplicationException:Received: 'Not Found, status code 404' when invoking: Rest Client method: 'gen.org.tkit.onecx.welcome.client.api.ImagesInternalApi#updateImageById' [0.046s]
2024-03-01 16:08:19,128 ERROR [org.tki.one.wel.bff.rs.con.ImagesRestController] (executor-thread-1) : org.jboss.resteasy.reactive.ClientWebApplicationException: Received: 'Not Found, status code 404' when invoking: Rest Client method: 'gen.org.tkit.onecx.welcome.client.api.ImagesInternalApi#updateImageById'
	at org.jboss.resteasy.reactive.client.impl.RestClientRequestContext.unwrapException(RestClientRequestContext.java:186)
	at org.jboss.resteasy.reactive.common.core.AbstractResteasyReactiveContext.handleException(AbstractResteasyReactiveContext.java:326)
	at org.jboss.resteasy.reactive.common.core.AbstractResteasyReactiveContext.run(AbstractResteasyReactiveContext.java:175)
	at org.jboss.resteasy.reactive.client.impl.RestClientRequestContext$1.lambda$execute$0(RestClientRequestContext.java:303)
	at io.vertx.core.impl.ContextInternal.dispatch(ContextInternal.java:276)
	at io.vertx.core.impl.ContextInternal.dispatch(ContextInternal.java:258)
	at io.vertx.core.impl.ContextInternal.lambda$runOnContext$0(ContextInternal.java:56)
	at io.netty.util.concurrent.AbstractEventExecutor.runTask(AbstractEventExecutor.java:173)
	at io.netty.util.concurrent.AbstractEventExecutor.safeExecute(AbstractEventExecutor.java:166)
	at io.netty.util.concurrent.SingleThreadEventExecutor.runAllTasks(SingleThreadEventExecutor.java:470)
	at io.netty.channel.nio.NioEventLoop.run(NioEventLoop.java:569)
	at io.netty.util.concurrent.SingleThreadEventExecutor$4.run(SingleThreadEventExecutor.java:997)
	at io.netty.util.internal.ThreadExecutorMap$2.run(ThreadExecutorMap.java:74)
	at io.netty.util.concurrent.FastThreadLocalRunnable.run(FastThreadLocalRunnable.java:30)
	at java.base/java.lang.Thread.run(Thread.java:1583)
Caused by: jakarta.ws.rs.WebApplicationException: Not Found, status code 404
	at org.tkit.onecx.welcome.bff.rs.controllers.ImagesRestController.updateImageById(ImagesRestController.java:91)
	at org.tkit.onecx.welcome.bff.rs.controllers.ImagesRestController_Subclass.updateImageById$$superforward(Unknown Source)
	at org.tkit.onecx.welcome.bff.rs.controllers.ImagesRestController_Subclass$$function$$8.apply(Unknown Source)
	at io.quarkus.arc.impl.AroundInvokeInvocationContext.proceed(AroundInvokeInvocationContext.java:73)
	at io.quarkus.arc.impl.AroundInvokeInvocationContext$NextAroundInvokeInvocationContext.proceed(AroundInvokeInvocationContext.java:97)
	at io.quarkus.hibernate.validator.runtime.interceptor.AbstractMethodValidationInterceptor.validateMethodInvocation(AbstractMethodValidationInterceptor.java:71)
	at io.quarkus.hibernate.validator.runtime.jaxrs.ResteasyReactiveEndPointValidationInterceptor.validateMethodInvocation(ResteasyReactiveEndPointValidationInterceptor.java:21)
	at io.quarkus.hibernate.validator.runtime.jaxrs.ResteasyReactiveEndPointValidationInterceptor_Bean.intercept(Unknown Source)
	at io.quarkus.arc.impl.InterceptorInvocation.invoke(InterceptorInvocation.java:42)
	at io.quarkus.arc.impl.AroundInvokeInvocationContext.proceed(AroundInvokeInvocationContext.java:70)
	at io.quarkus.arc.impl.AroundInvokeInvocationContext$NextAroundInvokeInvocationContext.proceed(AroundInvokeInvocationContext.java:97)
	at org.tkit.quarkus.log.cdi.interceptor.LogServiceInterceptor.methodExecution(LogServiceInterceptor.java:101)
	at org.tkit.quarkus.log.cdi.interceptor.LogServiceInterceptor_Bean.intercept(Unknown Source)
	at io.quarkus.arc.impl.InterceptorInvocation.invoke(InterceptorInvocation.java:42)
	at io.quarkus.arc.impl.AroundInvokeInvocationContext.proceed(AroundInvokeInvocationContext.java:70)
	at io.quarkus.arc.impl.AroundInvokeInvocationContext$NextAroundInvokeInvocationContext.proceed(AroundInvokeInvocationContext.java:97)
	at io.quarkus.security.runtime.interceptor.SecurityHandler.handle(SecurityHandler.java:47)
	at io.quarkus.security.runtime.interceptor.PermissionsAllowedInterceptor.intercept(PermissionsAllowedInterceptor.java:26)
	at io.quarkus.security.runtime.interceptor.PermissionsAllowedInterceptor_Bean.intercept(Unknown Source)
	at io.quarkus.arc.impl.InterceptorInvocation.invoke(InterceptorInvocation.java:42)
	at io.quarkus.arc.impl.AroundInvokeInvocationContext.proceed(AroundInvokeInvocationContext.java:70)
	at io.quarkus.arc.impl.AroundInvokeInvocationContext$NextAroundInvokeInvocationContext.proceed(AroundInvokeInvocationContext.java:97)
	at io.quarkus.narayana.jta.runtime.interceptor.TransactionalInterceptorBase.invokeInNoTx(TransactionalInterceptorBase.java:344)
	at io.quarkus.narayana.jta.runtime.interceptor.TransactionalInterceptorNotSupported.doIntercept(TransactionalInterceptorNotSupported.java:39)
	at io.quarkus.narayana.jta.runtime.interceptor.TransactionalInterceptorBase.intercept(TransactionalInterceptorBase.java:61)
	at io.quarkus.narayana.jta.runtime.interceptor.TransactionalInterceptorNotSupported.intercept(TransactionalInterceptorNotSupported.java:26)
	at io.quarkus.narayana.jta.runtime.interceptor.TransactionalInterceptorNotSupported_Bean.intercept(Unknown Source)
	at io.quarkus.arc.impl.InterceptorInvocation.invoke(InterceptorInvocation.java:42)
	at io.quarkus.arc.impl.AroundInvokeInvocationContext.proceed(AroundInvokeInvocationContext.java:70)
	at io.quarkus.arc.impl.AroundInvokeInvocationContext.proceed(AroundInvokeInvocationContext.java:62)
	at io.quarkus.resteasy.reactive.server.runtime.StandardSecurityCheckInterceptor.intercept(StandardSecurityCheckInterceptor.java:44)
	at io.quarkus.resteasy.reactive.server.runtime.StandardSecurityCheckInterceptor_PermissionsAllowedInterceptor_Bean.intercept(Unknown Source)
	at io.quarkus.arc.impl.InterceptorInvocation.invoke(InterceptorInvocation.java:42)
	at io.quarkus.arc.impl.AroundInvokeInvocationContext.perform(AroundInvokeInvocationContext.java:30)
	at io.quarkus.arc.impl.InvocationContexts.performAroundInvoke(InvocationContexts.java:27)
	at org.tkit.onecx.welcome.bff.rs.controllers.ImagesRestController_Subclass.updateImageById(Unknown Source)
	at org.tkit.onecx.welcome.bff.rs.controllers.ImagesRestController_ClientProxy.updateImageById(Unknown Source)
	at gen.org.tkit.onecx.welcome.bff.rs.internal.ImagesInternalApiService$quarkusrestinvoker$updateImageById_4e85a1c480ecdd984eeb69ce06e9bb45687379c7.invoke(Unknown Source)
	at org.jboss.resteasy.reactive.server.handlers.InvocationHandler.handle(InvocationHandler.java:29)
	at io.quarkus.resteasy.reactive.server.runtime.QuarkusResteasyReactiveRequestContext.invokeHandler(QuarkusResteasyReactiveRequestContext.java:141)
	at org.jboss.resteasy.reactive.common.core.AbstractResteasyReactiveContext.run(AbstractResteasyReactiveContext.java:147)
	at io.quarkus.vertx.core.runtime.VertxCoreRecorder$14.runWith(VertxCoreRecorder.java:582)
	at org.jboss.threads.EnhancedQueueExecutor$Task.run(EnhancedQueueExecutor.java:2513)
	at org.jboss.threads.EnhancedQueueExecutor$ThreadBody.run(EnhancedQueueExecutor.java:1538)
	at org.jboss.threads.DelegatingRunnable.run(DelegatingRunnable.java:29)
	at org.jboss.threads.ThreadLocalResettingRunnable.run(ThreadLocalResettingRunnable.java:29)
	... 2 more

2024-03-01 16:08:19,130 INFO  [org.tki.one.wel.bff.rs.con.ImagesRestController] (executor-thread-1) restException(ClientWebApplicationException:Received: 'Not Found, status code 404' when invoking: Rest Client method: 'gen.org.tkit.onecx.welcome.client.api.ImagesInternalApi#updateImageById'):Response:404 [0.000s]
2024-03-01 16:08:19,131 INFO  [org.tki.one.wel.bff.rs.con.ImagesRestController] (executor-thread-1) PUT /images/not-existing [404] [0.052s]
]]></system-out>
  </testcase>
  <testcase name="getImageDataByIdTest" classname="org.tkit.onecx.welcome.bff.rs.ImageRestControllerTest" time="1.169">
    <system-out><![CDATA[2024-03-01 16:08:20,171 SEVERE [io.qua.ope.run.exp.otl.VertxGrpcExporter] (vert.x-eventloop-thread-10) Failed to export spans. The request could not be executed. Full error message: Connection refused: localhost/127.0.0.1:4317
2024-03-01 16:08:20,276 INFO  [org.tki.qua.log.rs.RestClientLogInterceptor] (vert.x-eventloop-thread-4) POST http://172.17.0.1:32801/v1/permissions/user/applications/onecx-welcome-bff [200] [0.007s]
2024-03-01 16:08:20,295 INFO  [org.tki.qua.log.rs.RestClientLogInterceptor] (vert.x-eventloop-thread-4) GET http://172.17.0.1:32801/internal/images/d-11-111 [200] [0.015s]
2024-03-01 16:08:20,296 INFO  [org.tki.one.wel.bff.rs.con.ImagesRestController] (executor-thread-1) getImageById(d-11-111):Response:200 [0.017s]
2024-03-01 16:08:20,297 INFO  [org.tki.one.wel.bff.rs.con.ImagesRestController] (executor-thread-1) GET /images/d-11-111 [200] [0.018s]
]]></system-out>
  </testcase>
  <testcase name="createImageDataTest" classname="org.tkit.onecx.welcome.bff.rs.ImageRestControllerTest" time="1.195">
    <system-out><![CDATA[2024-03-01 16:08:21,442 INFO  [org.tki.qua.log.rs.RestClientLogInterceptor] (vert.x-eventloop-thread-5) POST http://172.17.0.1:32801/v1/permissions/user/applications/onecx-welcome-bff [200] [0.006s]
2024-03-01 16:08:21,486 INFO  [org.tki.qua.log.rs.RestClientLogInterceptor] (vert.x-eventloop-thread-5) POST http://172.17.0.1:32801/internal/images [200] [0.034s]
2024-03-01 16:08:21,490 INFO  [org.tki.one.wel.bff.rs.con.ImagesRestController] (executor-thread-1) createImage(31292,byte[][31292]):Response:200 [0.045s]
2024-03-01 16:08:21,491 INFO  [org.tki.one.wel.bff.rs.con.ImagesRestController] (executor-thread-1) POST /images [200] [0.047s]
]]></system-out>
  </testcase>
  <testcase name="testMaxUploadSize" classname="org.tkit.onecx.welcome.bff.rs.ImageRestControllerTest" time="0.169">
    <system-out><![CDATA[2024-03-01 16:08:21,595 INFO  [org.tki.qua.log.rs.RestClientLogInterceptor] (vert.x-eventloop-thread-4) POST http://172.17.0.1:32801/v1/permissions/user/applications/onecx-welcome-bff [200] [0.005s]
2024-03-01 16:08:21,657 ERROR [org.tki.one.wel.bff.rs.con.ImagesRestController] (executor-thread-1) createImage(110001,byte[][110001]) throw ResteasyReactiveViolationException:createImage.contentLength: must be less than or equal to 110000 [0.055s]
2024-03-01 16:08:21,657 ERROR [org.tki.one.wel.bff.rs.con.ImagesRestController] (executor-thread-1) : io.quarkus.hibernate.validator.runtime.jaxrs.ResteasyReactiveViolationException: createImage.contentLength: must be less than or equal to 110000
	at io.quarkus.hibernate.validator.runtime.jaxrs.ResteasyReactiveEndPointValidationInterceptor.validateMethodInvocation(ResteasyReactiveEndPointValidationInterceptor.java:23)
	at io.quarkus.hibernate.validator.runtime.jaxrs.ResteasyReactiveEndPointValidationInterceptor_Bean.intercept(Unknown Source)
	at io.quarkus.arc.impl.InterceptorInvocation.invoke(InterceptorInvocation.java:42)
	at io.quarkus.arc.impl.AroundInvokeInvocationContext.proceed(AroundInvokeInvocationContext.java:70)
	at io.quarkus.arc.impl.AroundInvokeInvocationContext$NextAroundInvokeInvocationContext.proceed(AroundInvokeInvocationContext.java:97)
	at org.tkit.quarkus.log.cdi.interceptor.LogServiceInterceptor.methodExecution(LogServiceInterceptor.java:101)
	at org.tkit.quarkus.log.cdi.interceptor.LogServiceInterceptor_Bean.intercept(Unknown Source)
	at io.quarkus.arc.impl.InterceptorInvocation.invoke(InterceptorInvocation.java:42)
	at io.quarkus.arc.impl.AroundInvokeInvocationContext.proceed(AroundInvokeInvocationContext.java:70)
	at io.quarkus.arc.impl.AroundInvokeInvocationContext$NextAroundInvokeInvocationContext.proceed(AroundInvokeInvocationContext.java:97)
	at io.quarkus.security.runtime.interceptor.SecurityHandler.handle(SecurityHandler.java:47)
	at io.quarkus.security.runtime.interceptor.PermissionsAllowedInterceptor.intercept(PermissionsAllowedInterceptor.java:26)
	at io.quarkus.security.runtime.interceptor.PermissionsAllowedInterceptor_Bean.intercept(Unknown Source)
	at io.quarkus.arc.impl.InterceptorInvocation.invoke(InterceptorInvocation.java:42)
	at io.quarkus.arc.impl.AroundInvokeInvocationContext.proceed(AroundInvokeInvocationContext.java:70)
	at io.quarkus.arc.impl.AroundInvokeInvocationContext$NextAroundInvokeInvocationContext.proceed(AroundInvokeInvocationContext.java:97)
	at io.quarkus.narayana.jta.runtime.interceptor.TransactionalInterceptorBase.invokeInNoTx(TransactionalInterceptorBase.java:344)
	at io.quarkus.narayana.jta.runtime.interceptor.TransactionalInterceptorNotSupported.doIntercept(TransactionalInterceptorNotSupported.java:39)
	at io.quarkus.narayana.jta.runtime.interceptor.TransactionalInterceptorBase.intercept(TransactionalInterceptorBase.java:61)
	at io.quarkus.narayana.jta.runtime.interceptor.TransactionalInterceptorNotSupported.intercept(TransactionalInterceptorNotSupported.java:26)
	at io.quarkus.narayana.jta.runtime.interceptor.TransactionalInterceptorNotSupported_Bean.intercept(Unknown Source)
	at io.quarkus.arc.impl.InterceptorInvocation.invoke(InterceptorInvocation.java:42)
	at io.quarkus.arc.impl.AroundInvokeInvocationContext.proceed(AroundInvokeInvocationContext.java:70)
	at io.quarkus.arc.impl.AroundInvokeInvocationContext.proceed(AroundInvokeInvocationContext.java:62)
	at io.quarkus.resteasy.reactive.server.runtime.StandardSecurityCheckInterceptor.intercept(StandardSecurityCheckInterceptor.java:44)
	at io.quarkus.resteasy.reactive.server.runtime.StandardSecurityCheckInterceptor_PermissionsAllowedInterceptor_Bean.intercept(Unknown Source)
	at io.quarkus.arc.impl.InterceptorInvocation.invoke(InterceptorInvocation.java:42)
	at io.quarkus.arc.impl.AroundInvokeInvocationContext.perform(AroundInvokeInvocationContext.java:30)
	at io.quarkus.arc.impl.InvocationContexts.performAroundInvoke(InvocationContexts.java:27)
	at org.tkit.onecx.welcome.bff.rs.controllers.ImagesRestController_Subclass.createImage(Unknown Source)
	at org.tkit.onecx.welcome.bff.rs.controllers.ImagesRestController_ClientProxy.createImage(Unknown Source)
	at gen.org.tkit.onecx.welcome.bff.rs.internal.ImagesInternalApiService$quarkusrestinvoker$createImage_13f35e69a99be3152531fc8b602d662840533c43.invoke(Unknown Source)
	at org.jboss.resteasy.reactive.server.handlers.InvocationHandler.handle(InvocationHandler.java:29)
	at io.quarkus.resteasy.reactive.server.runtime.QuarkusResteasyReactiveRequestContext.invokeHandler(QuarkusResteasyReactiveRequestContext.java:141)
	at org.jboss.resteasy.reactive.common.core.AbstractResteasyReactiveContext.run(AbstractResteasyReactiveContext.java:147)
	at io.quarkus.vertx.core.runtime.VertxCoreRecorder$14.runWith(VertxCoreRecorder.java:582)
	at org.jboss.threads.EnhancedQueueExecutor$Task.run(EnhancedQueueExecutor.java:2513)
	at org.jboss.threads.EnhancedQueueExecutor$ThreadBody.run(EnhancedQueueExecutor.java:1538)
	at org.jboss.threads.DelegatingRunnable.run(DelegatingRunnable.java:29)
	at org.jboss.threads.ThreadLocalResettingRunnable.run(ThreadLocalResettingRunnable.java:29)
	at io.netty.util.concurrent.FastThreadLocalRunnable.run(FastThreadLocalRunnable.java:30)
	at java.base/java.lang.Thread.run(Thread.java:1583)

2024-03-01 16:08:21,659 INFO  [org.tki.one.wel.bff.rs.con.ImagesRestController] (executor-thread-1) constraint(ResteasyReactiveViolationException:createImage.contentLength: must be less than or equal to 110000):Response:400 [0.001s]
2024-03-01 16:08:21,659 INFO  [org.tki.one.wel.bff.rs.con.ImagesRestController] (executor-thread-1) POST /images [400] [0.060s]
]]></system-out>
  </testcase>
  <testcase name="updateImageInfoByIdTest" classname="org.tkit.onecx.welcome.bff.rs.ImageRestControllerTest" time="1.153">
    <system-out><![CDATA[2024-03-01 16:08:22,803 INFO  [org.tki.qua.log.rs.RestClientLogInterceptor] (vert.x-eventloop-thread-5) POST http://172.17.0.1:32801/v1/permissions/user/applications/onecx-welcome-bff [200] [0.005s]
2024-03-01 16:08:22,821 INFO  [org.tki.qua.log.rs.RestClientLogInterceptor] (vert.x-eventloop-thread-5) PUT http://172.17.0.1:32801/internal/images/info/11-111 [201] [0.014s]
2024-03-01 16:08:22,822 INFO  [org.tki.one.wel.bff.rs.con.ImagesRestController] (executor-thread-1) updateImageInfo(11-111,class ImageInfoDTO {
    position: 1
    visible: null
    url: someUrl
    imageId: null
    id: null
    modificationCount: null
    creationDate: null
    creationUser: null
    modificationDate: null
    modificationUser: null
}):Response:201 [0.016s]
2024-03-01 16:08:22,822 INFO  [org.tki.one.wel.bff.rs.con.ImagesRestController] (executor-thread-1) PUT /images/info/11-111 [201] [0.017s]
]]></system-out>
  </testcase>
</testsuite>